<?xml version="1.0" encoding="UTF-8"?>
<testsuite name="co.com.choucair.certification.exitomobile.runners.RunnerTags" tests="0" skipped="0" failures="0" errors="0" timestamp="1970-01-01T00:00:00" hostname="CHBOGBDZ6FL3" time="0.0">
  <properties/>
  <system-out><![CDATA[
?[33mUndefined scenarios:?[0m
file:///C:/Users/jdortizg/Desktop/Julian/co.com.choucair.certification.exitomobile/src/test/resources/features/exitoMobile.feature:13 # Create a new user
file:///C:/Users/jdortizg/Desktop/Julian/co.com.choucair.certification.exitomobile/src/test/resources/features/exitoMobile.feature:18 # Log in and agregate product

2 Scenarios (?[33m2 undefined?[0m)
6 Steps (?[36m4 skipped?[0m, ?[33m2 undefined?[0m)
0m0,559s


You can implement missing steps with the snippets below:

@Given("that user to enter the exito application")
public void thatUserToEnterTheExitoApplication() {
    // Write code here that turns the phrase above into concrete actions
    throw new io.cucumber.java.PendingException();
}

@When("he enters the information in the register form")
public void heEntersTheInformationInTheRegisterForm() {
    // Write code here that turns the phrase above into concrete actions
    throw new io.cucumber.java.PendingException();
}

@Then("he verifies the register")
public void heVerifiesTheRegister() {
    // Write code here that turns the phrase above into concrete actions
    throw new io.cucumber.java.PendingException();
}

@When("log in and I add a product to the shopping cart")
public void logInAndIAddAProductToTheShoppingCart() {
    // Write code here that turns the phrase above into concrete actions
    throw new io.cucumber.java.PendingException();
}

@Then("he verifies that the product was added to the shopping cart")
public void heVerifiesThatTheProductWasAddedToTheShoppingCart() {
    // Write code here that turns the phrase above into concrete actions
    throw new io.cucumber.java.PendingException();
}


]]></system-out>
  <system-err><![CDATA[[Test worker] INFO io.cucumber.core.plugin.SerenityReporter - Running feature from file:///C:/Users/jdortizg/Desktop/Julian/co.com.choucair.certification.exitomobile/src/test/resources/features/exitoMobile.feature
[Test worker] INFO  - 

-------------------------------------------------------------------------------------
     _______. _______ .______       _______ .__   __.  __  .___________.____    ____ 
    /       ||   ____||   _  \     |   ____||  \ |  | |  | |           |\   \  /   / 
   |   (----`|  |__   |  |_)  |    |  |__   |   \|  | |  | `---|  |----` \   \/   /  
    \   \    |   __|  |      /     |   __|  |  . `  | |  |     |  |       \_    _/   
.----)   |   |  |____ |  |\  \----.|  |____ |  |\   | |  |     |  |         |  |     
|_______/    |_______|| _| `._____||_______||__| \__| |__|     |__|         |__|    
                                                                                     
 News and tutorials at http://www.serenity-bdd.info                                  
 Documentation at https://wakaleo.gitbooks.io/the-serenity-book/content/             
 Join the Serenity Community on Gitter: https://gitter.im/serenity-bdd/serenity-core 
 Serenity BDD Support and Training at http://serenity-bdd.info/#/trainingandsupport  
-------------------------------------------------------------------------------------

[Test worker] INFO  - Test Suite Started: App Exito Mobile
[pool-1-thread-2] INFO net.thucydides.core.reports.ReportService - net.thucydides.core.reports.json.JSONTestOutcomeReporter@26a529dc: Generating report for test outcome: App Exito Mobile:Log in and agregate product
[pool-1-thread-1] INFO net.thucydides.core.reports.ReportService - net.thucydides.core.reports.json.JSONTestOutcomeReporter@26a529dc: Generating report for test outcome: App Exito Mobile:Create a new user
[pool-2-thread-1] INFO net.thucydides.core.reports.ReportService - net.thucydides.core.reports.html.HtmlAcceptanceTestReporter@585c13de: Generating report for test outcome: App Exito Mobile:Create a new user
[pool-2-thread-2] INFO net.thucydides.core.reports.ReportService - net.thucydides.core.reports.html.HtmlAcceptanceTestReporter@585c13de: Generating report for test outcome: App Exito Mobile:Log in and agregate product
[Test worker] INFO io.cucumber.core.plugin.SerenityReporter - Cleanup test resources for URI file:///C:/Users/jdortizg/Desktop/Julian/co.com.choucair.certification.exitomobile/src/test/resources/features/exitoMobile.feature
]]></system-err>
</testsuite>
